Glyph "ব" (0x9ac, babengali) not available in font "Cambria". Found in the character sequence "বঙ্গাব্দ".
Glyph "ঙ" (0x999, ngabengali) not available in font "Cambria". Found in the character sequence "বঙ্গাব্দ".
Glyph "্" (0x9cd, viramabengali) not available in font "Cambria". Found in the character sequence "বঙ্গাব্দ".
Glyph "গ" (0x997, gabengali) not available in font "Cambria". Found in the character sequence "বঙ্গাব্দ".
Glyph "া" (0x9be, aavowelsignbengali) not available in font "Cambria". Found in the character sequence "বঙ্গাব্দ".
Glyph "দ" (0x9a6, dabengali) not available in font "Cambria". Found in the character sequence "বঙ্গাব্দ".
Glyph "ब" (0x92c, badeva) not available in font "Cambria". Found in the character sequence "बौद्ध".
Glyph "ौ" (0x94c, auvowelsigndeva) not available in font "Cambria". Found in the character sequence "बौद्ध".
Glyph "द" (0x926, dadeva) not available in font "Cambria". Found in the character sequence "बौद्ध".
Glyph "्" (0x94d, viramadeva) not available in font "Cambria". Found in the character sequence "बौद्ध".
Glyph "ध" (0x927, dhadeva) not available in font "Cambria". Found in the character sequence "बौद्ध".
Glyph "प" (0x92a, padeva) not available in font "Cambria". Found in the character sequence "पंचांग".
Glyph "ं" (0x902, anusvaradeva) not available in font "Cambria". Found in the character sequence "पंचांग".
Glyph "च" (0x91a, cadeva) not available in font "Cambria". Found in the character sequence "पंचांग".
Glyph "ा" (0x93e, aavowelsigndeva) not available in font "Cambria". Found in the character sequence "पंचांग".
Glyph "ग" (0x917, gadeva) not available in font "Cambria". Found in the character sequence "पंचांग".
Glyph "ព" (0x1796) not available in font "Cambria". Found in the character sequence "ពុទ្ធសករាជ".
Glyph "ុ" (0x17bb) not available in font "Cambria". Found in the character sequence "ពុទ្ធសករាជ".
Glyph "ទ" (0x1791) not available in font "Cambria". Found in the character sequence "ពុទ្ធសករាជ".
Glyph "្" (0x17d2) not available in font "Cambria". Found in the character sequence "ពុទ្ធសករាជ".
Glyph "ធ" (0x1792) not available in font "Cambria". Found in the character sequence "ពុទ្ធសករាជ".
Glyph "ស" (0x179f) not available in font "Cambria". Found in the character sequence "ពុទ្ធសករាជ".
Glyph "ក" (0x1780) not available in font "Cambria". Found in the character sequence "ពុទ្ធសករាជ".
Glyph "រ" (0x179a) not available in font "Cambria". Found in the character sequence "ពុទ្ធសករាជ".
Glyph "ា" (0x17b6) not available in font "Cambria". Found in the character sequence "ពុទ្ធសករាជ".
Glyph "ជ" (0x1787) not available in font "Cambria". Found in the character sequence "ពុទ្ធសករាជ".
Glyph "බ" (0xdb6) not available in font "Cambria". Found in the character sequence "බුද්ධ".
Glyph "ු" (0xdd4) not available in font "Cambria". Found in the character sequence "බුද්ධ".
Glyph "ද" (0xdaf) not available in font "Cambria". Found in the character sequence "බුද්ධ".
Glyph "්" (0xdca) not available in font "Cambria". Found in the character sequence "බුද්ධ".
Glyph "ධ" (0xdb0) not available in font "Cambria". Found in the character sequence "බුද්ධ".
Glyph "ව" (0xdc0) not available in font "Cambria". Found in the character sequence "වර්‍ෂ;".
Glyph "ර" (0xdbb) not available in font "Cambria". Found in the character sequence "වර්‍ෂ;".
Glyph "ෂ" (0xdc2) not available in font "Cambria". Found in the character sequence "වර්‍ෂ;".
Glyph "ස" (0xdc3) not available in font "Cambria". Found in the character sequence "සාසන".
Glyph "ා" (0xdcf) not available in font "Cambria". Found in the character sequence "සාසන".
Glyph "න" (0xdb1) not available in font "Cambria". Found in the character sequence "සාසන".
Glyph "မ" (0x1019) not available in font "Cambria". Found in the character sequence "မြန်မာသက္ကရာဇ်".
Glyph "ြ" (0x103c) not available in font "Cambria". Found in the character sequence "မြန်မာသက္ကရာဇ်".
Glyph "န" (0x1014) not available in font "Cambria". Found in the character sequence "မြန်မာသက္ကရာဇ်".
Glyph "်" (0x103a) not available in font "Cambria". Found in the character sequence "မြန်မာသက္ကရာဇ်".
Glyph "ာ" (0x102c) not available in font "Cambria". Found in the character sequence "မြန်မာသက္ကရာဇ်".
Glyph "သ" (0x101e) not available in font "Cambria". Found in the character sequence "မြန်မာသက္ကရာဇ်".
Glyph "က" (0x1000) not available in font "Cambria". Found in the character sequence "မြန်မာသက္ကရာဇ်".
Glyph "္" (0x1039) not available in font "Cambria". Found in the character sequence "မြန်မာသက္ကရာဇ်".
Glyph "ရ" (0x101b) not available in font "Cambria". Found in the character sequence "မြန်မာသက္ကရာဇ်".
Glyph "ဇ" (0x1007) not available in font "Cambria". Found in the character sequence "မြန်မာသက္ကရာဇ်".
Glyph "የ" (0x12e8) not available in font "Cambria". Found in the character sequence "የኢትዮጵያ".
Glyph "ኢ" (0x12a2) not available in font "Cambria". Found in the character sequence "የኢትዮጵያ".
Glyph "ት" (0x1275) not available in font "Cambria". Found in the character sequence "የኢትዮጵያ".
Glyph "ዮ" (0x12ee) not available in font "Cambria". Found in the character sequence "የኢትዮጵያ".
Glyph "ጵ" (0x1335) not available in font "Cambria". Found in the character sequence "የኢትዮጵያ".
Glyph "ያ" (0x12eb) not available in font "Cambria". Found in the character sequence "የኢትዮጵያ".
Glyph "ዘ" (0x12d8) not available in font "Cambria". Found in the character sequence "ዘመን".
Glyph "መ" (0x1218) not available in font "Cambria". Found in the character sequence "ዘመን".
Glyph "ን" (0x1295) not available in font "Cambria". Found in the character sequence "ዘመን".
Glyph "አ" (0x12a0) not available in font "Cambria". Found in the character sequence "አቆጣጠር".
Glyph "ቆ" (0x1246) not available in font "Cambria". Found in the character sequence "አቆጣጠር".
Glyph "ጣ" (0x1323) not available in font "Cambria". Found in the character sequence "አቆጣጠር".
Glyph "ጠ" (0x1320) not available in font "Cambria". Found in the character sequence "አቆጣጠር".
Glyph "ር" (0x122d) not available in font "Cambria". Found in the character sequence "አቆጣጠር".
Glyph "ह" (0x939, hadeva) not available in font "Cambria". Found in the character sequence "हिन्दू".
Glyph "ि" (0x93f, ivowelsigndeva) not available in font "Cambria". Found in the character sequence "हिन्दू".
Glyph "न" (0x928, nadeva) not available in font "Cambria". Found in the character sequence "हिन्दू".
Glyph "ू" (0x942, uuvowelsigndeva) not available in font "Cambria". Found in the character sequence "हिन्दू".
Glyph "ञ" (0x91e, nyadeva) not available in font "Cambria". Found in the character sequence "पञ्चाङ्ग".
Glyph "ङ" (0x919, ngadeva) not available in font "Cambria". Found in the character sequence "पञ्चाङ्ग".
Glyph "ং" (0x982, anusvarabengali) not available in font "Cambria". Found in the character sequence "বাংলা".
Glyph "ল" (0x9b2, labengali) not available in font "Cambria". Found in the character sequence "বাংলা".
Glyph "স" (0x9b8, sabengali) not available in font "Cambria". Found in the character sequence "সাল".
Glyph "भ" (0x92d, bhadeva) not available in font "Cambria". Found in the character sequence "भारतीय".
Glyph "र" (0x930, radeva) not available in font "Cambria". Found in the character sequence "भारतीय".
Glyph "त" (0x924, tadeva) not available in font "Cambria". Found in the character sequence "भारतीय".
Glyph "ी" (0x940, iivowelsigndeva) not available in font "Cambria". Found in the character sequence "भारतीय".
Glyph "य" (0x92f, yadeva) not available in font "Cambria". Found in the character sequence "भारतीय".
Glyph "ष" (0x937, ssadeva) not available in font "Cambria". Found in the character sequence "राष्ट्रीय".
Glyph "ट" (0x91f, ttadeva) not available in font "Cambria". Found in the character sequence "राष्ट्रीय".
Glyph "இ" (0xb87) not available in font "Cambria". Found in the character sequence "இந்தியத்".
Glyph "ந" (0xba8) not available in font "Cambria". Found in the character sequence "இந்தியத்".
Glyph "்" (0xbcd) not available in font "Cambria". Found in the character sequence "இந்தியத்".
Glyph "த" (0xba4) not available in font "Cambria". Found in the character sequence "இந்தியத்".
Glyph "ி" (0xbbf) not available in font "Cambria". Found in the character sequence "இந்தியத்".
Glyph "ய" (0xbaf) not available in font "Cambria". Found in the character sequence "இந்தியத்".
Glyph "ே" (0xbc7) not available in font "Cambria". Found in the character sequence "தேசிய".
Glyph "ச" (0xb9a) not available in font "Cambria". Found in the character sequence "தேசிய".
Glyph "ா" (0xbbe) not available in font "Cambria". Found in the character sequence "நாட்காட்டி".
Glyph "ட" (0xb9f) not available in font "Cambria". Found in the character sequence "நாட்காட்டி".
Glyph "க" (0xb95) not available in font "Cambria". Found in the character sequence "நாட்காட்டி".
Glyph "ਨ" (0xa28, nagurmukhi) not available in font "Cambria". Found in the character sequence "ਨਾਨਕਸ਼ਾਹੀ".
Glyph "ਾ" (0xa3e, aamatragurmukhi) not available in font "Cambria". Found in the character sequence "ਨਾਨਕਸ਼ਾਹੀ".
Glyph "ਕ" (0xa15, kagurmukhi) not available in font "Cambria". Found in the character sequence "ਨਾਨਕਸ਼ਾਹੀ".
Glyph "ਸ" (0xa38, sagurmukhi) not available in font "Cambria". Found in the character sequence "ਨਾਨਕਸ਼ਾਹੀ".
Glyph "਼" (0xa3c, nuktagurmukhi) not available in font "Cambria". Found in the character sequence "ਨਾਨਕਸ਼ਾਹੀ".
Glyph "ਹ" (0xa39, hagurmukhi) not available in font "Cambria". Found in the character sequence "ਨਾਨਕਸ਼ਾਹੀ".
Glyph "ੀ" (0xa40, iimatragurmukhi) not available in font "Cambria". Found in the character sequence "ਨਾਨਕਸ਼ਾਹੀ".
Glyph "े" (0x947, evowelsigndeva) not available in font "Cambria". Found in the character sequence "नेपाल".
Glyph "ल" (0x932, ladeva) not available in font "Cambria". Found in the character sequence "नेपाल".
Glyph "स" (0x938, sadeva) not available in font "Cambria". Found in the character sequence "सम्बत".
Glyph "म" (0x92e, madeva) not available in font "Cambria". Found in the character sequence "सम्बत".
Glyph "ป" (0xe1b, poplathai) not available in font "Cambria". Found in the character sequence "ปฏิทินจันทรคติ".
Glyph "ฏ" (0xe0f, topatakthai) not available in font "Cambria". Found in the character sequence "ปฏิทินจันทรคติ".
Glyph "ิ" (0xe34, saraithai) not available in font "Cambria". Found in the character sequence "ปฏิทินจันทรคติ".
Glyph "ท" (0xe17, thothahanthai) not available in font "Cambria". Found in the character sequence "ปฏิทินจันทรคติ".
Glyph "น" (0xe19, nonuthai) not available in font "Cambria". Found in the character sequence "ปฏิทินจันทรคติ".
Glyph "จ" (0xe08, chochanthai) not available in font "Cambria". Found in the character sequence "ปฏิทินจันทรคติ".
Glyph "ั" (0xe31, maihanakatthai) not available in font "Cambria". Found in the character sequence "ปฏิทินจันทรคติ".
Glyph "ร" (0xe23, roruathai) not available in font "Cambria". Found in the character sequence "ปฏิทินจันทรคติ".
Glyph "ค" (0xe04, khokhwaithai) not available in font "Cambria". Found in the character sequence "ปฏิทินจันทรคติ".
Glyph "ต" (0xe15, totaothai) not available in font "Cambria". Found in the character sequence "ปฏิทินจันทรคติ".
Glyph "ம" (0xbae) not available in font "Cambria". Found in the character sequence "தமிழ்".
Glyph "ழ" (0xbb4) not available in font "Cambria". Found in the character sequence "தமிழ்".
Glyph "ங" (0xb99) not available in font "Cambria". Found in the character sequence "மாதங்கள்".
Glyph "ள" (0xbb3) not available in font "Cambria". Found in the character sequence "மாதங்கள்".
Glyph "ส" (0xe2a, sosuathai) not available in font "Cambria". Found in the character sequence "ปฏิทินสุริยคติ".
Glyph "ุ" (0xe38, sarauthai) not available in font "Cambria". Found in the character sequence "ปฏิทินสุริยคติ".
Glyph "ย" (0xe22, yoyakthai) not available in font "Cambria". Found in the character sequence "ปฏิทินสุริยคติ".
Glyph "ཕ" (0xf55) not available in font "Cambria". Found in the character sequence "ཕུག་".
Glyph "ུ" (0xf74) not available in font "Cambria". Found in the character sequence "ཕུག་".
Glyph "ག" (0xf42) not available in font "Cambria". Found in the character sequence "ཕུག་".
Glyph "་" (0xf0b) not available in font "Cambria". Found in the character sequence "ཕུག་".
Glyph "ལ" (0xf63) not available in font "Cambria". Found in the character sequence "ལུགས་".
Glyph "ས" (0xf66) not available in font "Cambria". Found in the character sequence "ལུགས་".
Glyph "ོ" (0xf7c) not available in font "Cambria". Found in the character sequence "ལོ་".
Glyph "ཐ" (0xf50) not available in font "Cambria". Found in the character sequence "ཐོ།".
Glyph "།" (0xf0d) not available in font "Cambria". Found in the character sequence "ཐོ།".
Glyph "མ" (0xf58) not available in font "Cambria". Found in the character sequence "མཚུར་".
Glyph "ཚ" (0xf5a) not available in font "Cambria". Found in the character sequence "མཚུར་".
Glyph "ར" (0xf62) not available in font "Cambria". Found in the character sequence "མཚུར་".
Glyph "འ" (0xf60) not available in font "Cambria". Found in the character sequence "ཕུའི་".
Glyph "ི" (0xf72) not available in font "Cambria". Found in the character sequence "ཕུའི་".
Glyph "व" (0x935, vadeva) not available in font "Cambria". Found in the character sequence "विक्रम".
Glyph "क" (0x915, kadeva) not available in font "Cambria". Found in the character sequence "विक्रम".
Page 11: Unresolved ID reference "IAUGA23Julian" found.
Page 15: Unresolved ID reference "IAUGA23Julian" found.
1 link target could not be fully resolved and now point to the top of the page or is dysfunctional.
